1565078100489	geckodriver	INFO	Listening on 127.0.0.1:59849
1565078103451	mozprofile::profile	INFO	Using profile path C:\Users\DELL\AppData\Local\Temp\rust_mozprofile.KSEv50S1BKvD
1565078103459	geckodriver::marionette	INFO	Starting browser E:\Program Files (x86)\Mozilla Firefox\firefox.exe
1565078103475	geckodriver::marionette	INFO	Connecting to Marionette on localhost:59859
1565078104801	Marionette	INFO	Listening on port 59859
1565078213033	geckodriver	INFO	Listening on 127.0.0.1:59949
1565078216065	mozprofile::profile	INFO	Using profile path C:\Users\DELL\AppData\Local\Temp\rust_mozprofile.CuV9jAhfWpH5
1565078216076	geckodriver::marionette	INFO	Starting browser E:\Program Files (x86)\Mozilla Firefox\firefox.exe
1565078216097	geckodriver::marionette	INFO	Connecting to Marionette on localhost:59959
1565078217377	Marionette	INFO	Listening on port 59959
1565078289500	geckodriver	INFO	Listening on 127.0.0.1:60006
1565078292508	mozprofile::profile	INFO	Using profile path C:\Users\DELL\AppData\Local\Temp\rust_mozprofile.O27mRdeit65W
1565078292517	geckodriver::marionette	INFO	Starting browser E:\Program Files (x86)\Mozilla Firefox\firefox.exe
1565078292533	geckodriver::marionette	INFO	Connecting to Marionette on localhost:60014
1565078293790	Marionette	INFO	Listening on port 60014
1565078359146	geckodriver	INFO	Listening on 127.0.0.1:60073
1565078362157	mozprofile::profile	INFO	Using profile path C:\Users\DELL\AppData\Local\Temp\rust_mozprofile.Kb2swtIoROPK
1565078362169	geckodriver::marionette	INFO	Starting browser E:\Program Files (x86)\Mozilla Firefox\firefox.exe
1565078362189	geckodriver::marionette	INFO	Connecting to Marionette on localhost:60081
1565078363403	Marionette	INFO	Listening on port 60081
1565687233362	geckodriver	INFO	Listening on 127.0.0.1:62945
1565687236350	mozprofile::profile	INFO	Using profile path C:\Users\DELL\AppData\Local\Temp\rust_mozprofile.kY99WwjUy3aj
1565687236358	geckodriver::marionette	INFO	Starting browser E:\Program Files (x86)\Mozilla Firefox\firefox.exe
1565687236377	geckodriver::marionette	INFO	Connecting to Marionette on localhost:62953
1565687238124	Marionette	INFO	Listening on port 62953
*************************
A coding exception was thrown and uncaught in a Task.

Full message: TypeError: this.browser.getBrowserForTab is not a function
Full stack: BrowserObj.prototype.hasRemotenessChange@chrome://marionette/content/driver.js:3243:25
BrowserObj.prototype.executeWhenReady@chrome://marionette/content/driver.js:3274:7
GeckoDriver.prototype.sendAsync@chrome://marionette/content/driver.js:231:5
send/proxy<@chrome://marionette/content/proxy.js:150:7
send@chrome://marionette/content/proxy.js:111:17
ownPriorityGetterTrap.get/<@chrome://marionette/content/proxy.js:28:25
GeckoDriver.prototype.findElement@chrome://marionette/content/driver.js:1927:31
TaskImpl_run@resource://gre/modules/Task.jsm:315:40
TaskImpl@resource://gre/modules/Task.jsm:276:3
createAsyncFunction/asyncFunction@resource://gre/modules/Task.jsm:250:14
Task_spawn@resource://gre/modules/Task.jsm:164:12
TaskImpl_handleResultValue@resource://gre/modules/Task.jsm:384:16
TaskImpl_run@resource://gre/modules/Task.jsm:323:13
TaskImpl@resource://gre/modules/Task.jsm:276:3
createAsyncFunction/asyncFunction@resource://gre/modules/Task.jsm:250:14
Task_spawn@resource://gre/modules/Task.jsm:164:12
Dispatcher.prototype.execute@chrome://marionette/content/dispatcher.js:120:13
Dispatcher.prototype.onPacket@chrome://marionette/content/dispatcher.js:91:5
DebuggerTransport.prototype._onJSONObjectReady/<@chrome://marionette/content/server.js -> resource://devtools/shared/transport/transport.js:479:9
exports.makeInfallible/<@resource://gre/modules/commonjs/toolkit/loader.js -> resource://devtools/shared/ThreadSafeDevToolsUtils.js:101:14
exports.makeInfallible/<@resource://gre/modules/commonjs/toolkit/loader.js -> resource://devtools/shared/ThreadSafeDevToolsUtils.js:101:14

*************************
*************************
A coding exception was thrown and uncaught in a Task.

Full message: TypeError: this.browser.getBrowserForTab is not a function
Full stack: BrowserObj.prototype.hasRemotenessChange@chrome://marionette/content/driver.js:3243:25
BrowserObj.prototype.executeWhenReady@chrome://marionette/content/driver.js:3274:7
GeckoDriver.prototype.sendAsync@chrome://marionette/content/driver.js:231:5
send/proxy<@chrome://marionette/content/proxy.js:150:7
send@chrome://marionette/content/proxy.js:111:17
ownPriorityGetterTrap.get/<@chrome://marionette/content/proxy.js:28:25
GeckoDriver.prototype.findElement@chrome://marionette/content/driver.js:1927:31
TaskImpl_run@resource://gre/modules/Task.jsm:315:40
TaskImpl@resource://gre/modules/Task.jsm:276:3
createAsyncFunction/asyncFunction@resource://gre/modules/Task.jsm:250:14
Task_spawn@resource://gre/modules/Task.jsm:164:12
TaskImpl_handleResultValue@resource://gre/modules/Task.jsm:384:16
TaskImpl_run@resource://gre/modules/Task.jsm:323:13
TaskImpl@resource://gre/modules/Task.jsm:276:3
createAsyncFunction/asyncFunction@resource://gre/modules/Task.jsm:250:14
Task_spawn@resource://gre/modules/Task.jsm:164:12
Dispatcher.prototype.execute@chrome://marionette/content/dispatcher.js:120:13
Dispatcher.prototype.onPacket@chrome://marionette/content/dispatcher.js:91:5
DebuggerTransport.prototype._onJSONObjectReady/<@chrome://marionette/content/server.js -> resource://devtools/shared/transport/transport.js:479:9
exports.makeInfallible/<@resource://gre/modules/commonjs/toolkit/loader.js -> resource://devtools/shared/ThreadSafeDevToolsUtils.js:101:14
exports.makeInfallible/<@resource://gre/modules/commonjs/toolkit/loader.js -> resource://devtools/shared/ThreadSafeDevToolsUtils.js:101:14

*************************
*************************
A coding exception was thrown in a Promise rejection callback.
See https://developer.mozilla.org/Mozilla/JavaScript_code_modules/Promise.jsm/Promise

Full message: TypeError: this.browser.getBrowserForTab is not a function
Full stack: BrowserObj.prototype.hasRemotenessChange@chrome://marionette/content/driver.js:3243:25
BrowserObj.prototype.executeWhenReady@chrome://marionette/content/driver.js:3274:7
GeckoDriver.prototype.sendAsync@chrome://marionette/content/driver.js:231:5
send/proxy<@chrome://marionette/content/proxy.js:150:7
send@chrome://marionette/content/proxy.js:111:17
ownPriorityGetterTrap.get/<@chrome://marionette/content/proxy.js:28:25
GeckoDriver.prototype.findElement@chrome://marionette/content/driver.js:1927:31
TaskImpl_run@resource://gre/modules/Task.jsm:315:40
TaskImpl@resource://gre/modules/Task.jsm:276:3
createAsyncFunction/asyncFunction@resource://gre/modules/Task.jsm:250:14
Task_spawn@resource://gre/modules/Task.jsm:164:12
TaskImpl_handleResultValue@resource://gre/modules/Task.jsm:384:16
TaskImpl_run@resource://gre/modules/Task.jsm:323:13
TaskImpl@resource://gre/modules/Task.jsm:276:3
createAsyncFunction/asyncFunction@resource://gre/modules/Task.jsm:250:14
Task_spawn@resource://gre/modules/Task.jsm:164:12
Dispatcher.prototype.execute@chrome://marionette/content/dispatcher.js:120:13
Dispatcher.prototype.onPacket@chrome://marionette/content/dispatcher.js:91:5
DebuggerTransport.prototype._onJSONObjectReady/<@chrome://marionette/content/server.js -> resource://devtools/shared/transport/transport.js:479:9
exports.makeInfallible/<@resource://gre/modules/commonjs/toolkit/loader.js -> resource://devtools/shared/ThreadSafeDevToolsUtils.js:101:14
exports.makeInfallible/<@resource://gre/modules/commonjs/toolkit/loader.js -> resource://devtools/shared/ThreadSafeDevToolsUtils.js:101:14

*************************
Marionette threw an error: TypeError: this.browser.getBrowserForTab is not a function
BrowserObj.prototype.hasRemotenessChange@chrome://marionette/content/driver.js:3243:25
BrowserObj.prototype.executeWhenReady@chrome://marionette/content/driver.js:3274:7
GeckoDriver.prototype.sendAsync@chrome://marionette/content/driver.js:231:5
send/proxy<@chrome://marionette/content/proxy.js:150:7
send@chrome://marionette/content/proxy.js:111:17
ownPriorityGetterTrap.get/<@chrome://marionette/content/proxy.js:28:25
GeckoDriver.prototype.findElement@chrome://marionette/content/driver.js:1927:31
TaskImpl_run@resource://gre/modules/Task.jsm:315:40
TaskImpl@resource://gre/modules/Task.jsm:276:3
createAsyncFunction/asyncFunction@resource://gre/modules/Task.jsm:250:14
Task_spawn@resource://gre/modules/Task.jsm:164:12
TaskImpl_handleResultValue@resource://gre/modules/Task.jsm:384:16
TaskImpl_run@resource://gre/modules/Task.jsm:323:13
TaskImpl@resource://gre/modules/Task.jsm:276:3
createAsyncFunction/asyncFunction@resource://gre/modules/Task.jsm:250:14
Task_spawn@resource://gre/modules/Task.jsm:164:12
Dispatcher.prototype.execute@chrome://marionette/content/dispatcher.js:120:13
Dispatcher.prototype.onPacket@chrome://marionette/content/dispatcher.js:91:5
DebuggerTransport.prototype._onJSONObjectReady/<@chrome://marionette/content/server.js -> resource://devtools/shared/transport/transport.js:479:9
exports.makeInfallible/<@resource://gre/modules/commonjs/toolkit/loader.js -> resource://devtools/shared/ThreadSafeDevToolsUtils.js:101:14
exports.makeInfallible/<@resource://gre/modules/commonjs/toolkit/loader.js -> resource://devtools/shared/ThreadSafeDevToolsUtils.js:101:14

1565687288192	geckodriver	INFO	Listening on 127.0.0.1:63001
1565687291169	mozprofile::profile	INFO	Using profile path C:\Users\DELL\AppData\Local\Temp\rust_mozprofile.b41bfyZjjHUB
1565687291180	geckodriver::marionette	INFO	Starting browser E:\Program Files (x86)\Mozilla Firefox\firefox.exe
1565687291206	geckodriver::marionette	INFO	Connecting to Marionette on localhost:63009
1565687292977	Marionette	INFO	Listening on port 63009
